{
  "RSpec": {
    "coverage": {
      "C:/Users/trust/OneDrive/SUTD/SUTD Term 5/Service Studio/gebirah_backend/app/helpers/application_helper.rb": {
        "lines": [
          1,
          null
        ]
      },
      "C:/Users/trust/OneDrive/SUTD/SUTD Term 5/Service Studio/gebirah_backend/app/utils/ocr.rb": {
        "lines": [
          1,
          1,
          1,
          1,
          1,
          null,
          1,
          null,
          null,
          1,
          null,
          1,
          null,
          0,
          0,
          0,
          0,
          null,
          1,
          null,
          null,
          null,
          1,
          null,
          null,
          3,
          2,
          2,
          2,
          null,
          null,
          2,
          2,
          null,
          1,
          null,
          null,
          null,
          1,
          null,
          3,
          null,
          null,
          3,
          15,
          3,
          null,
          0,
          null,
          null,
          null,
          1,
          5,
          1,
          4,
          3,
          null,
          1,
          null,
          5,
          null,
          null,
          1,
          0,
          0,
          0,
          null,
          0,
          null,
          null
        ]
      },
      "C:/Users/trust/OneDrive/SUTD/SUTD Term 5/Service Studio/gebirah_backend/app/controllers/application_controller.rb": {
        "lines": [
          0,
          0,
          0
        ],
        "branches": {
        }
      },
      "C:/Users/trust/OneDrive/SUTD/SUTD Term 5/Service Studio/gebirah_backend/app/controllers/document_controller.rb": {
        "lines": [
          0,
          0,
          null,
          0,
          0,
          null,
          0,
          0,
          0,
          0,
          0,
          0,
          0,
          null,
          0,
          0,
          0,
          0,
          0,
          0,
          null,
          0,
          null,
          0,
          0,
          0,
          0,
          0,
          0,
          0,
          0,
          0,
          0,
          0,
          0,
          0,
          null,
          0,
          0,
          0,
          0,
          0,
          0,
          0,
          0,
          0,
          0,
          0,
          0,
          0,
          0,
          0,
          0,
          0,
          0,
          0,
          0,
          0,
          0,
          0,
          0,
          0
        ],
        "branches": {
        }
      },
      "C:/Users/trust/OneDrive/SUTD/SUTD Term 5/Service Studio/gebirah_backend/app/controllers/login_controller.rb": {
        "lines": [
          0,
          null,
          0,
          0,
          0,
          0,
          0,
          0,
          0,
          0,
          0,
          0,
          0
        ],
        "branches": {
        }
      },
      "C:/Users/trust/OneDrive/SUTD/SUTD Term 5/Service Studio/gebirah_backend/app/controllers/users_controller.rb": {
        "lines": [
          0,
          null,
          0,
          0,
          0,
          0,
          0,
          null,
          0,
          0,
          0,
          0,
          0,
          0,
          0,
          0,
          null,
          0,
          0,
          0,
          0,
          0,
          0,
          0,
          0,
          null,
          0,
          0,
          0,
          null,
          0
        ],
        "branches": {
        }
      },
      "C:/Users/trust/OneDrive/SUTD/SUTD Term 5/Service Studio/gebirah_backend/app/controllers/verify_controller.rb": {
        "lines": [
          0,
          0,
          0,
          0,
          0,
          0,
          0,
          0,
          0,
          0,
          0,
          0,
          0,
          0,
          0,
          0,
          0
        ],
        "branches": {
        }
      },
      "C:/Users/trust/OneDrive/SUTD/SUTD Term 5/Service Studio/gebirah_backend/app/models/application_record.rb": {
        "lines": [
          0,
          0,
          0
        ],
        "branches": {
        }
      },
      "C:/Users/trust/OneDrive/SUTD/SUTD Term 5/Service Studio/gebirah_backend/app/models/document.rb": {
        "lines": [
          0,
          0,
          0,
          0
        ],
        "branches": {
        }
      },
      "C:/Users/trust/OneDrive/SUTD/SUTD Term 5/Service Studio/gebirah_backend/app/models/user.rb": {
        "lines": [
          0,
          0,
          0,
          0,
          0
        ],
        "branches": {
        }
      },
      "C:/Users/trust/OneDrive/SUTD/SUTD Term 5/Service Studio/gebirah_backend/app/serializers/user_serializer.rb": {
        "lines": [
          0,
          0,
          0,
          0,
          0,
          0,
          0,
          0,
          0
        ],
        "branches": {
        }
      },
      "C:/Users/trust/OneDrive/SUTD/SUTD Term 5/Service Studio/gebirah_backend/app/utils/llmapi.rb": {
        "lines": [
          0,
          0,
          null,
          0,
          0,
          null,
          0,
          null,
          0,
          0,
          0,
          null,
          null,
          null,
          null,
          0,
          0,
          0,
          0,
          0,
          0,
          0,
          0,
          null,
          0,
          0,
          0,
          0,
          0
        ],
        "branches": {
        }
      }
    },
    "timestamp": 1720730161
  }
}
