{
  "RSpec": {
    "coverage": {
      "/Users/yangsijun/SUTD/SDS/gebirah_backend/app/helpers/application_helper.rb": {
        "lines": [
          1,
          null
        ]
      },
      "/Users/yangsijun/SUTD/SDS/gebirah_backend/app/helpers/users_helper.rb": {
        "lines": [
          1,
          null
        ]
      },
      "/Users/yangsijun/SUTD/SDS/gebirah_backend/lib/llmapi.rb": {
        "lines": [
          1,
          1,
          null,
          1,
          1,
          null,
          1,
          1,
          null,
          null,
          1,
          null,
          null,
          null,
          1,
          null,
          null,
          null,
          null,
          null,
          null,
          null,
          null,
          null,
          1,
          1,
          1,
          null,
          null
        ]
      },
      "/Users/yangsijun/SUTD/SDS/gebirah_backend/lib/ocr.rb": {
        "lines": [
          1,
          1,
          1,
          1,
          1,
          null,
          null,
          1,
          1,
          null,
          null,
          1,
          1,
          1,
          0,
          null,
          null,
          null,
          1,
          1,
          1,
          null,
          1,
          null,
          null,
          0,
          null,
          null,
          null,
          1,
          null,
          null,
          3,
          2,
          2,
          2,
          null,
          null,
          2,
          0,
          null,
          null,
          null,
          null,
          2,
          null,
          2,
          null,
          null,
          1,
          null,
          null,
          null,
          1,
          null,
          4,
          null,
          null,
          null,
          null,
          null,
          null,
          null,
          null,
          null,
          null,
          null,
          null,
          null,
          4,
          4,
          null,
          4,
          null,
          null,
          null,
          1,
          5,
          1,
          4,
          3,
          null,
          1,
          1,
          null,
          5,
          null,
          null,
          1,
          0,
          0,
          0,
          null,
          0,
          null,
          null
        ]
      },
      "/Users/yangsijun/SUTD/SDS/gebirah_backend/app/models/user.rb": {
        "lines": [
          1,
          1,
          1,
          1,
          null
        ]
      },
      "/Users/yangsijun/SUTD/SDS/gebirah_backend/app/models/application_record.rb": {
        "lines": [
          1,
          1,
          null
        ]
      },
      "/Users/yangsijun/SUTD/SDS/gebirah_backend/app/controllers/login_controller.rb": {
        "lines": [
          1,
          null,
          1,
          3,
          3,
          1,
          2,
          1,
          null,
          1,
          null,
          null,
          null
        ]
      },
      "/Users/yangsijun/SUTD/SDS/gebirah_backend/app/controllers/application_controller.rb": {
        "lines": [
          1,
          1,
          null
        ]
      },
      "/Users/yangsijun/SUTD/SDS/gebirah_backend/app/controllers/users_controller.rb": {
        "lines": [
          1,
          null,
          1,
          1,
          1,
          1,
          null,
          null,
          1,
          null,
          2,
          1,
          null,
          1,
          null,
          null,
          null,
          1,
          2,
          2,
          1,
          null,
          1,
          null,
          null,
          null,
          1,
          2,
          null,
          null,
          null
        ]
      },
      "/Users/yangsijun/SUTD/SDS/gebirah_backend/app/serializers/user_serializer.rb": {
        "lines": [
          1,
          1,
          1,
          3,
          null,
          1,
          3,
          null,
          null
        ]
      },
      "/Users/yangsijun/SUTD/SDS/gebirah_backend/app/controllers/verify_controller.rb": {
        "lines": [
          1,
          1,
          null,
          3,
          2,
          1,
          null,
          1,
          1,
          1,
          null,
          null,
          null,
          1,
          null,
          null,
          null
        ]
      },
      "/Users/yangsijun/SUTD/SDS/gebirah_backend/app/controllers/document_controller.rb": {
        "lines": [
          0,
          0,
          0,
          null,
          null,
          null,
          null,
          null,
          null,
          null,
          null,
          null,
          null,
          null,
          null,
          null,
          null,
          null,
          null,
          null,
          null,
          null,
          null,
          null,
          null,
          null,
          null,
          null,
          null,
          0,
          null,
          0,
          0,
          0,
          0,
          0,
          0,
          0,
          null,
          0,
          0,
          0,
          0,
          0,
          0,
          null,
          0,
          null,
          0,
          0,
          0,
          0,
          0,
          0,
          0,
          0,
          0,
          0,
          0,
          0,
          0,
          0,
          null,
          0,
          0,
          0,
          0,
          0,
          0,
          0,
          0,
          0,
          0,
          0,
          0,
          0,
          0,
          0,
          0,
          0,
          0,
          0,
          0,
          0,
          0,
          0,
          0,
          0
        ],
        "branches": {
        }
      },
      "/Users/yangsijun/SUTD/SDS/gebirah_backend/app/models/document.rb": {
        "lines": [
          0,
          0,
          0,
          0
        ],
        "branches": {
        }
      }
    },
    "timestamp": 1721290693
  }
}
